Compiling 26 files with Solc 0.8.25
Solc 0.8.25 finished in 2.63s
Compiler run successful with warnings:
Warning (3420): Source file does not specify required compiler version! Consider adding "pragma solidity ^0.8.25;"
--> script/Deploy.s.sol

Warning (2018): Function state mutability can be restricted to view
  --> test/Multisig.t.sol:51:5:
   |
51 |     function testSignersInitialization() public {
   |     ^ (Relevant source part starts here and spans across multiple lines).

Analysing contracts...
Running tests...

Ran 21 tests for test/Multisig.t.sol:MultisigTest
[PASS] testAddFakeSigner() (gas: 16409)
[PASS] testAddSigner() (gas: 46791)
[PASS] testAlreadySigner() (gas: 14631)
[PASS] testEventEmission() (gas: 115386)
[PASS] testExecuteTransaction() (gas: 260848)
[PASS] testInsufficientFunds() (gas: 251105)
[PASS] testInvalidTransactionExecution() (gas: 16381)
[PASS] testMinimal() (gas: 73020)
[PASS] testMinimal2() (gas: 72550)
[PASS] testMinimal3() (gas: 84165)
[PASS] testMinimal4() (gas: 126998)
[PASS] testRemoveNonSigner() (gas: 18595)
[PASS] testRemoveNotEnough() (gas: 20718)
[PASS] testRemoveSigner() (gas: 49780)
[PASS] testSigner() (gas: 15159)
[PASS] testSigner2() (gas: 118690)
[PASS] testSigner3() (gas: 16398)
[PASS] testSigner4() (gas: 16377)
[PASS] testSignersInitialization() (gas: 32971)
[PASS] testSubmitTransaction() (gas: 120299)
[PASS] testTransactionConfirmations() (gas: 174773)
Suite result: ok. 21 passed; 0 failed; 0 skipped; finished in 2.79ms (4.36ms CPU time)

Ran 1 test suite in 20.48ms (2.79ms CPU time): 21 tests passed, 0 failed, 0 skipped (21 total tests)
Uncovered for src/Multisig.sol:
- Branch (branch: 2, path: 0) (location: source ID 24, lines 33..34, bytes 812..882, hits: 0)

Anchors for Contract "safeconsole" (solc 0.8.25, source ID 22):

Anchors for Contract "stdMath" (solc 0.8.25, source ID 7):

Anchors for Contract "IERC721" (solc 0.8.25, source ID 18):

Anchors for Contract "MultisigTest" (solc 0.8.25, source ID 25):

Anchors for Contract "stdStorageSafe" (solc 0.8.25, source ID 8):

Anchors for Contract "IERC721Enumerable" (solc 0.8.25, source ID 18):

Anchors for Contract "stdToml" (solc 0.8.25, source ID 10):

Anchors for Contract "StdChains" (solc 0.8.25, source ID 2):

Anchors for Contract "MockERC20" (solc 0.8.25, source ID 20):

Anchors for Contract "TestBase" (solc 0.8.25, source ID 0):

Anchors for Contract "MockERC721" (solc 0.8.25, source ID 21):

Anchors for Contract "CommonBase" (solc 0.8.25, source ID 0):

Anchors for Contract "console" (solc 0.8.25, source ID 14):

Anchors for Contract "StdStyle" (solc 0.8.25, source ID 9):

Anchors for Contract "StdInvariant" (solc 0.8.25, source ID 5):

Anchors for Contract "stdJson" (solc 0.8.25, source ID 6):

Anchors for Contract "StdUtils" (solc 0.8.25, source ID 11):

Anchors for Contract "IMulticall3" (solc 0.8.25, source ID 19):

Anchors for Contract "StdCheats" (solc 0.8.25, source ID 3):

Anchors for Contract "stdStorage" (solc 0.8.25, source ID 8):

Anchors for Contract "IERC721TokenReceiver" (solc 0.8.25, source ID 18):

Anchors for Contract "Multisig" (solc 0.8.25, source ID 24):
- IC 5 -> Item 24
- Runtime code
  - Refers to item: Line (location: source ID 24, lines 48..63, bytes 1400..2061, hits: 25)
- IC 5 -> Item 25
- Runtime code
  - Refers to item: Function "constructor" (location: source ID 24, lines 48..63, bytes 1400..2061, hits: 25)
- IC 52 -> Item 26
- Runtime code
  - Refers to item: Line (location: source ID 24, lines 49..50, bytes 1481..1555, hits: 25)
- IC 52 -> Item 27
- Runtime code
  - Refers to item: Statement (location: source ID 24, lines 49..50, bytes 1481..1555, hits: 25)
- IC 60 -> Item 28
- Runtime code
  - Refers to item: Branch (branch: 4, path: 0) (location: source ID 24, lines 49..50, bytes 1481..1555, hits: 1)
- IC 118 -> Item 29
- Runtime code
  - Refers to item: Branch (branch: 4, path: 1) (location: source ID 24, lines 49..50, bytes 1481..1555, hits: 24)
- IC 119 -> Item 30
- Runtime code
  - Refers to item: Line (location: source ID 24, lines 50..51, bytes 1565..1680, hits: 24)
- IC 119 -> Item 31
- Runtime code
  - Refers to item: Statement (location: source ID 24, lines 50..51, bytes 1565..1680, hits: 24)
- IC 141 -> Item 32
- Runtime code
  - Refers to item: Branch (branch: 5, path: 0) (location: source ID 24, lines 50..51, bytes 1565..1680, hits: 1)
- IC 199 -> Item 33
- Runtime code
  - Refers to item: Branch (branch: 5, path: 1) (location: source ID 24, lines 50..51, bytes 1565..1680, hits: 23)
- IC 200 -> Item 34
- Runtime code
  - Refers to item: Line (location: source ID 24, lines 52..53, bytes 1696..1709, hits: 23)
- IC 200 -> Item 35
- Runtime code
  - Refers to item: Statement (location: source ID 24, lines 52..53, bytes 1696..1709, hits: 23)
- IC 202 -> Item 36
- Runtime code
  - Refers to item: Statement (location: source ID 24, lines 52..53, bytes 1711..1730, hits: 88)
- IC 574 -> Item 37
- Runtime code
  - Refers to item: Statement (location: source ID 24, lines 52..53, bytes 1732..1735, hits: 65)
- IC 211 -> Item 38
- Runtime code
  - Refers to item: Line (location: source ID 24, lines 53..54, bytes 1751..1779, hits: 67)
- IC 211 -> Item 39
- Runtime code
  - Refers to item: Statement (location: source ID 24, lines 53..54, bytes 1751..1779, hits: 67)
- IC 241 -> Item 40
- Runtime code
  - Refers to item: Line (location: source ID 24, lines 54..55, bytes 1793..1848, hits: 67)
- IC 241 -> Item 41
- Runtime code
  - Refers to item: Statement (location: source ID 24, lines 54..55, bytes 1793..1848, hits: 67)
- IC 292 -> Item 42
- Runtime code
  - Refers to item: Branch (branch: 6, path: 0) (location: source ID 24, lines 54..55, bytes 1793..1848, hits: 1)
- IC 350 -> Item 43
- Runtime code
  - Refers to item: Branch (branch: 6, path: 1) (location: source ID 24, lines 54..55, bytes 1793..1848, hits: 66)
- IC 351 -> Item 44
- Runtime code
  - Refers to item: Line (location: source ID 24, lines 55..56, bytes 1862..1909, hits: 66)
- IC 351 -> Item 45
- Runtime code
  - Refers to item: Statement (location: source ID 24, lines 55..56, bytes 1862..1909, hits: 66)
- IC 430 -> Item 46
- Runtime code
  - Refers to item: Branch (branch: 7, path: 0) (location: source ID 24, lines 55..56, bytes 1862..1909, hits: 1)
- IC 488 -> Item 47
- Runtime code
  - Refers to item: Branch (branch: 7, path: 1) (location: source ID 24, lines 55..56, bytes 1862..1909, hits: 65)
- IC 489 -> Item 48
- Runtime code
  - Refers to item: Line (location: source ID 24, lines 57..58, bytes 1924..1947, hits: 65)
- IC 489 -> Item 49
- Runtime code
  - Refers to item: Statement (location: source ID 24, lines 57..58, bytes 1924..1947, hits: 65)
- IC 588 -> Item 50
- Runtime code
  - Refers to item: Line (location: source ID 24, lines 59..60, bytes 1967..1997, hits: 21)
- IC 588 -> Item 51
- Runtime code
  - Refers to item: Statement (location: source ID 24, lines 59..60, bytes 1967..1997, hits: 21)
- IC 596 -> Item 52
- Runtime code
  - Refers to item: Line (location: source ID 24, lines 61..62, bytes 2008..2054, hits: 21)
- IC 596 -> Item 53
- Runtime code
  - Refers to item: Statement (location: source ID 24, lines 61..62, bytes 2008..2054, hits: 21)
- IC 630 -> Item 0
- Creation code
  - Refers to item: Line (location: source ID 24, lines 22..26, bytes 532..627, hits: 4)
- IC 630 -> Item 1
- Creation code
  - Refers to item: Function "onlySigner" (location: source ID 24, lines 22..26, bytes 532..627, hits: 4)
- IC 630 -> Item 2
- Creation code
  - Refers to item: Line (location: source ID 24, lines 23..24, bytes 564..609, hits: 4)
- IC 630 -> Item 3
- Creation code
  - Refers to item: Statement (location: source ID 24, lines 23..24, bytes 564..609, hits: 4)
- IC 2874 -> Item 4
- Creation code
  - Refers to item: Branch (branch: 0, path: 0) (location: source ID 24, lines 23..24, bytes 564..609, hits: 1)
- IC 2932 -> Item 5
- Creation code
  - Refers to item: Branch (branch: 0, path: 1) (location: source ID 24, lines 23..24, bytes 564..609, hits: 4)
- IC 1611 -> Item 6
- Creation code
  - Refers to item: Line (location: source ID 24, lines 27..31, bytes 633..760, hits: 7)
- IC 1611 -> Item 7
- Creation code
  - Refers to item: Function "txExists" (location: source ID 24, lines 27..31, bytes 633..760, hits: 7)
- IC 1611 -> Item 8
- Creation code
  - Refers to item: Line (location: source ID 24, lines 28..29, bytes 676..742, hits: 7)
- IC 1611 -> Item 9
- Creation code
  - Refers to item: Statement (location: source ID 24, lines 28..29, bytes 676..742, hits: 7)
- IC 1623 -> Item 10
- Creation code
  - Refers to item: Branch (branch: 1, path: 0) (location: source ID 24, lines 28..29, bytes 676..742, hits: 1)
- IC 1681 -> Item 11
- Creation code
  - Refers to item: Branch (branch: 1, path: 1) (location: source ID 24, lines 28..29, bytes 676..742, hits: 6)
- IC 1683 -> Item 12
- Creation code
  - Refers to item: Line (location: source ID 24, lines 32..36, bytes 766..900, hits: 6)
- IC 1683 -> Item 13
- Creation code
  - Refers to item: Function "notExecuted" (location: source ID 24, lines 32..36, bytes 766..900, hits: 6)
- IC 1683 -> Item 14
- Creation code
  - Refers to item: Line (location: source ID 24, lines 33..34, bytes 812..882, hits: 6)
- IC 1683 -> Item 15
- Creation code
  - Refers to item: Statement (location: source ID 24, lines 33..34, bytes 812..882, hits: 6)
- IC 1736 -> Item 16
- Creation code
  - Refers to item: Branch (branch: 2, path: 0) (location: source ID 24, lines 33..34, bytes 812..882, hits: 0)
- IC 1794 -> Item 17
- Creation code
  - Refers to item: Branch (branch: 2, path: 1) (location: source ID 24, lines 33..34, bytes 812..882, hits: 6)
- IC 1796 -> Item 18
- Creation code
  - Refers to item: Line (location: source ID 24, lines 37..41, bytes 906..1046, hits: 6)
- IC 1796 -> Item 19
- Creation code
  - Refers to item: Function "notConfirmed" (location: source ID 24, lines 37..41, bytes 906..1046, hits: 6)
- IC 1796 -> Item 20
- Creation code
  - Refers to item: Line (location: source ID 24, lines 38..39, bytes 953..1028, hits: 6)
- IC 1796 -> Item 21
- Creation code
  - Refers to item: Statement (location: source ID 24, lines 38..39, bytes 953..1028, hits: 6)
- IC 1890 -> Item 22
- Creation code
  - Refers to item: Branch (branch: 3, path: 0) (location: source ID 24, lines 38..39, bytes 953..1028, hits: 1)
- IC 1948 -> Item 23
- Creation code
  - Refers to item: Branch (branch: 3, path: 1) (location: source ID 24, lines 38..39, bytes 953..1028, hits: 5)
- IC 507 -> Item 54
- Creation code
  - Refers to item: Line (location: source ID 24, lines 64..75, bytes 2067..2437, hits: 7)
- IC 507 -> Item 55
- Creation code
  - Refers to item: Function "submitTransaction" (location: source ID 24, lines 64..75, bytes 2067..2437, hits: 7)
- IC 2371 -> Item 56
- Creation code
  - Refers to item: Line (location: source ID 24, lines 65..72, bytes 2175..2349, hits: 6)
- IC 2371 -> Item 57
- Creation code
  - Refers to item: Statement (location: source ID 24, lines 65..72, bytes 2175..2349, hits: 6)
- IC 2684 -> Item 58
- Creation code
  - Refers to item: Line (location: source ID 24, lines 73..74, bytes 2360..2430, hits: 6)
- IC 2684 -> Item 59
- Creation code
  - Refers to item: Statement (location: source ID 24, lines 73..74, bytes 2360..2430, hits: 6)
- IC 467 -> Item 60
- Creation code
  - Refers to item: Line (location: source ID 24, lines 76..92, bytes 2443..2894, hits: 8)
- IC 467 -> Item 61
- Creation code
  - Refers to item: Function "confirmTransaction" (location: source ID 24, lines 76..92, bytes 2443..2894, hits: 8)
- IC 1949 -> Item 62
- Creation code
  - Refers to item: Line (location: source ID 24, lines 83..84, bytes 2620..2659, hits: 5)
- IC 1949 -> Item 63
- Creation code
  - Refers to item: Statement (location: source ID 24, lines 83..84, bytes 2620..2659, hits: 5)
- IC 2049 -> Item 64
- Creation code
  - Refers to item: Line (location: source ID 24, lines 84..85, bytes 2669..2707, hits: 5)
- IC 2049 -> Item 65
- Creation code
  - Refers to item: Statement (location: source ID 24, lines 84..85, bytes 2669..2707, hits: 5)
- IC 2107 -> Item 66
- Creation code
  - Refers to item: Line (location: source ID 24, lines 86..87, bytes 2718..2762, hits: 5)
- IC 2107 -> Item 67
- Creation code
  - Refers to item: Statement (location: source ID 24, lines 86..87, bytes 2718..2762, hits: 5)
- IC 2175 -> Item 68
- Creation code
  - Refers to item: Line (location: source ID 24, lines 88..89, bytes 2777..2835, hits: 5)
- IC 2175 -> Item 69
- Creation code
  - Refers to item: Statement (location: source ID 24, lines 88..89, bytes 2777..2835, hits: 5)
- IC 2218 -> Item 70
- Creation code
  - Refers to item: Branch (branch: 8, path: 0) (location: source ID 24, lines 88..91, bytes 2837..2888, hits: 2)
- IC 2218 -> Item 71
- Creation code
  - Refers to item: Line (location: source ID 24, lines 89..90, bytes 2851..2877, hits: 2)
- IC 2218 -> Item 72
- Creation code
  - Refers to item: Statement (location: source ID 24, lines 89..90, bytes 2851..2877, hits: 2)
- IC 3357 -> Item 73
- Creation code
  - Refers to item: Line (location: source ID 24, lines 93..102, bytes 2900..3202, hits: 2)
- IC 3357 -> Item 74
- Creation code
  - Refers to item: Function "_executeTransaction" (location: source ID 24, lines 93..102, bytes 2900..3202, hits: 2)
- IC 3358 -> Item 75
- Creation code
  - Refers to item: Line (location: source ID 24, lines 94..95, bytes 2962..3007, hits: 2)
- IC 3358 -> Item 76
- Creation code
  - Refers to item: Statement (location: source ID 24, lines 94..95, bytes 2962..3007, hits: 2)
- IC 3393 -> Item 77
- Creation code
  - Refers to item: Line (location: source ID 24, lines 96..97, bytes 3018..3037, hits: 2)
- IC 3393 -> Item 78
- Creation code
  - Refers to item: Statement (location: source ID 24, lines 96..97, bytes 3018..3037, hits: 2)
- IC 3421 -> Item 79
- Creation code
  - Refers to item: Line (location: source ID 24, lines 97..98, bytes 3047..3105, hits: 2)
- IC 3421 -> Item 80
- Creation code
  - Refers to item: Statement (location: source ID 24, lines 97..98, bytes 3047..3105, hits: 2)
- IC 3422 -> Item 81
- Creation code
  - Refers to item: Statement (location: source ID 24, lines 97..98, bytes 3066..3105, hits: 2)
- IC 3568 -> Item 82
- Creation code
  - Refers to item: Line (location: source ID 24, lines 98..99, bytes 3115..3153, hits: 2)
- IC 3568 -> Item 83
- Creation code
  - Refers to item: Statement (location: source ID 24, lines 98..99, bytes 3115..3153, hits: 2)
- IC 3573 -> Item 84
- Creation code
  - Refers to item: Branch (branch: 9, path: 0) (location: source ID 24, lines 98..99, bytes 3115..3153, hits: 1)
- IC 3631 -> Item 85
- Creation code
  - Refers to item: Branch (branch: 9, path: 1) (location: source ID 24, lines 98..99, bytes 3115..3153, hits: 1)
- IC 3632 -> Item 86
- Creation code
  - Refers to item: Line (location: source ID 24, lines 100..101, bytes 3164..3195, hits: 1)
- IC 3632 -> Item 87
- Creation code
  - Refers to item: Statement (location: source ID 24, lines 100..101, bytes 3164..3195, hits: 1)
- IC 589 -> Item 88
- Creation code
  - Refers to item: Line (location: source ID 24, lines 103..112, bytes 3208..3497, hits: 5)
- IC 589 -> Item 89
- Creation code
  - Refers to item: Function "addSigner" (location: source ID 24, lines 103..112, bytes 3208..3497, hits: 5)
- IC 2933 -> Item 90
- Creation code
  - Refers to item: Line (location: source ID 24, lines 104..105, bytes 3277..3329, hits: 4)
- IC 2933 -> Item 91
- Creation code
  - Refers to item: Statement (location: source ID 24, lines 104..105, bytes 3277..3329, hits: 4)
- IC 2984 -> Item 92
- Creation code
  - Refers to item: Branch (branch: 10, path: 0) (location: source ID 24, lines 104..105, bytes 3277..3329, hits: 1)
- IC 3042 -> Item 93
- Creation code
  - Refers to item: Branch (branch: 10, path: 1) (location: source ID 24, lines 104..105, bytes 3277..3329, hits: 3)
- IC 3043 -> Item 94
- Creation code
  - Refers to item: Line (location: source ID 24, lines 105..106, bytes 3339..3389, hits: 3)
- IC 3043 -> Item 95
- Creation code
  - Refers to item: Statement (location: source ID 24, lines 105..106, bytes 3339..3389, hits: 3)
- IC 3122 -> Item 96
- Creation code
  - Refers to item: Branch (branch: 11, path: 0) (location: source ID 24, lines 105..106, bytes 3339..3389, hits: 1)
- IC 3180 -> Item 97
- Creation code
  - Refers to item: Branch (branch: 11, path: 1) (location: source ID 24, lines 105..106, bytes 3339..3389, hits: 2)
- IC 3181 -> Item 98
- Creation code
  - Refers to item: Line (location: source ID 24, lines 107..108, bytes 3400..3427, hits: 2)
- IC 3181 -> Item 99
- Creation code
  - Refers to item: Statement (location: source ID 24, lines 107..108, bytes 3400..3427, hits: 2)
- IC 3265 -> Item 100
- Creation code
  - Refers to item: Line (location: source ID 24, lines 108..109, bytes 3437..3451, hits: 2)
- IC 3265 -> Item 101
- Creation code
  - Refers to item: Statement (location: source ID 24, lines 108..109, bytes 3437..3451, hits: 2)
- IC 3288 -> Item 102
- Creation code
  - Refers to item: Line (location: source ID 24, lines 110..111, bytes 3462..3490, hits: 2)
- IC 3288 -> Item 103
- Creation code
  - Refers to item: Statement (location: source ID 24, lines 110..111, bytes 3462..3490, hits: 2)
- IC 159 -> Item 104
- Creation code
  - Refers to item: Line (location: source ID 24, lines 113..122, bytes 3503..3803, hits: 4)
- IC 159 -> Item 105
- Creation code
  - Refers to item: Function "removeSigner" (location: source ID 24, lines 113..122, bytes 3503..3803, hits: 4)
- IC 767 -> Item 106
- Creation code
  - Refers to item: Line (location: source ID 24, lines 114..115, bytes 3572..3614, hits: 3)
- IC 767 -> Item 107
- Creation code
  - Refers to item: Statement (location: source ID 24, lines 114..115, bytes 3572..3614, hits: 3)
- IC 845 -> Item 108
- Creation code
  - Refers to item: Branch (branch: 12, path: 0) (location: source ID 24, lines 114..115, bytes 3572..3614, hits: 1)
- IC 903 -> Item 109
- Creation code
  - Refers to item: Branch (branch: 12, path: 1) (location: source ID 24, lines 114..115, bytes 3572..3614, hits: 2)
- IC 906 -> Item 110
- Creation code
  - Refers to item: Line (location: source ID 24, lines 115..116, bytes 3624..3698, hits: 2)
- IC 906 -> Item 111
- Creation code
  - Refers to item: Statement (location: source ID 24, lines 115..116, bytes 3624..3698, hits: 2)
- IC 914 -> Item 112
- Creation code
  - Refers to item: Branch (branch: 13, path: 0) (location: source ID 24, lines 115..116, bytes 3624..3698, hits: 1)
- IC 972 -> Item 113
- Creation code
  - Refers to item: Branch (branch: 13, path: 1) (location: source ID 24, lines 115..116, bytes 3624..3698, hits: 1)
- IC 973 -> Item 114
- Creation code
  - Refers to item: Line (location: source ID 24, lines 117..118, bytes 3709..3734, hits: 1)
- IC 973 -> Item 115
- Creation code
  - Refers to item: Statement (location: source ID 24, lines 117..118, bytes 3709..3734, hits: 1)
- IC 1057 -> Item 116
- Creation code
  - Refers to item: Line (location: source ID 24, lines 118..119, bytes 3744..3758, hits: 1)
- IC 1057 -> Item 117
- Creation code
  - Refers to item: Statement (location: source ID 24, lines 118..119, bytes 3744..3758, hits: 1)
- IC 1080 -> Item 118
- Creation code
  - Refers to item: Line (location: source ID 24, lines 120..121, bytes 3769..3796, hits: 1)
- IC 1080 -> Item 119
- Creation code
  - Refers to item: Statement (location: source ID 24, lines 120..121, bytes 3769..3796, hits: 1)

Anchors for Contract "Test" (solc 0.8.25, source ID 12):

Anchors for Contract "StdCheatsSafe" (solc 0.8.25, source ID 3):

Anchors for Contract "IERC721Metadata" (solc 0.8.25, source ID 18):

Anchors for Contract "IERC20" (solc 0.8.25, source ID 17):

Anchors for Contract "StdAssertions" (solc 0.8.25, source ID 1):

Anchors for Contract "VmSafe" (solc 0.8.25, source ID 13):

Anchors for Contract "IERC165" (solc 0.8.25, source ID 16):

Anchors for Contract "Vm" (solc 0.8.25, source ID 13):

Anchors for Contract "stdError" (solc 0.8.25, source ID 4):

Anchors for Contract "ScriptBase" (solc 0.8.25, source ID 0):

